app/build/intermediates/manifest_merge_blame_file/debug/processDebugMainManifest/manifest-merger-blame-debug-report.txt
1<?xml version="1.0" encoding="utf-8"?>
2<manifest xmlns:android="http://schemas.android.com/apk/res/android"
3    package="com.example.AndroidOOP1"
4    android:versionCode="1"
5    android:versionName="1.0" >
6
7    <uses-sdk
8        android:minSdkVersion="30"
9        android:targetSdkVersion="34" />
10
11    <uses-permission android:name="android.permission.INTERNET" />
11-->src\main\AndroidManifest.xml:5:5-67
11-->src\main\AndroidManifest.xml:5:22-64
12    <uses-permission android:name="android.permission.ACCESS_NETWORK_STATE" />
12-->src\main\AndroidManifest.xml:6:5-79
12-->src\main\AndroidManifest.xml:6:22-76
13    <uses-permission android:name="android.permission.ACCESS_FINE_LOCATION" />
13-->src\main\AndroidManifest.xml:7:5-79
13-->src\main\AndroidManifest.xml:7:22-76
14    <uses-permission android:name="android.permission.ACCESS_COARSE_LOCATION" />
14-->src\main\AndroidManifest.xml:8:5-81
14-->src\main\AndroidManifest.xml:8:22-78
15    <uses-permission android:name="android.permission.ACCESS_BACKGROUND_LOCATION" />
15-->src\main\AndroidManifest.xml:9:5-85
15-->src\main\AndroidManifest.xml:9:22-82
16    <uses-permission android:name="android.permission.READ_PHONE_STATE" />
16-->src\main\AndroidManifest.xml:10:5-75
16-->src\main\AndroidManifest.xml:10:22-72
17    <uses-permission android:name="android.permission.FOREGROUND_SERVICE" />
17-->src\main\AndroidManifest.xml:11:5-77
17-->src\main\AndroidManifest.xml:11:22-74
18    <uses-permission android:name="android.permission.FOREGROUND_SERVICE_LOCATION" />
18-->src\main\AndroidManifest.xml:12:5-86
18-->src\main\AndroidManifest.xml:12:22-83
19    <uses-permission android:name="android.permission.POST_NOTIFICATIONS" />
19-->src\main\AndroidManifest.xml:13:5-77
19-->src\main\AndroidManifest.xml:13:22-74
20
21    <permission
21-->[androidx.core:core:1.13.1] AndroidManifest.xml:22:5-24:47
22        android:name="com.example.AndroidOOP1.DYNAMIC_RECEIVER_NOT_EXPORTED_PERMISSION"
22-->[androidx.core:core:1.13.1] AndroidManifest.xml:23:9-81
23        android:protectionLevel="signature" />
23-->[androidx.core:core:1.13.1] AndroidManifest.xml:24:9-44
24
25    <uses-permission android:name="com.example.AndroidOOP1.DYNAMIC_RECEIVER_NOT_EXPORTED_PERMISSION" />
25-->[androidx.core:core:1.13.1] AndroidManifest.xml:26:5-97
25-->[androidx.core:core:1.13.1] AndroidManifest.xml:26:22-94
26
27    <application
27-->src\main\AndroidManifest.xml:15:5-42:19
28        android:allowBackup="true"
28-->src\main\AndroidManifest.xml:16:9-35
29        android:appComponentFactory="androidx.core.app.CoreComponentFactory"
29-->[androidx.core:core:1.13.1] AndroidManifest.xml:28:18-86
30        android:debuggable="true"
31        android:extractNativeLibs="false"
32        android:icon="@mipmap/ic_launcher"
32-->src\main\AndroidManifest.xml:17:9-43
33        android:label="@string/app_name"
33-->src\main\AndroidManifest.xml:18:9-41
34        android:roundIcon="@mipmap/ic_launcher_round"
34-->src\main\AndroidManifest.xml:19:9-54
35        android:supportsRtl="true"
35-->src\main\AndroidManifest.xml:20:9-35
36        android:testOnly="true"
37        android:theme="@style/Theme.AndroidOOP1"
37-->src\main\AndroidManifest.xml:21:9-49
38        android:usesCleartextTraffic="true" >
38-->src\main\AndroidManifest.xml:22:9-44
39        <activity
39-->src\main\AndroidManifest.xml:25:9-30:20
40            android:name="com.example.AndroidOOP1.MainActivity"
40-->src\main\AndroidManifest.xml:25:19-47
41            android:exported="true" >
41-->src\main\AndroidManifest.xml:25:48-71
42            <intent-filter>
42-->src\main\AndroidManifest.xml:26:13-29:29
43                <action android:name="android.intent.action.MAIN" />
43-->src\main\AndroidManifest.xml:27:17-69
43-->src\main\AndroidManifest.xml:27:25-66
44
45                <category android:name="android.intent.category.LAUNCHER" />
45-->src\main\AndroidManifest.xml:28:17-77
45-->src\main\AndroidManifest.xml:28:27-74
46            </intent-filter>
47        </activity>
48        <activity android:name="com.example.AndroidOOP1.Calculator" />
48-->src\main\AndroidManifest.xml:32:9-48
48-->src\main\AndroidManifest.xml:32:19-45
49        <activity android:name="com.example.AndroidOOP1.GpsActivity" />
49-->src\main\AndroidManifest.xml:33:9-49
49-->src\main\AndroidManifest.xml:33:19-46
50        <activity android:name="com.example.AndroidOOP1.MediaPlayer" />
50-->src\main\AndroidManifest.xml:34:9-49
50-->src\main\AndroidManifest.xml:34:19-46
51        <activity android:name="com.example.AndroidOOP1.ZMQActivity" />
51-->src\main\AndroidManifest.xml:35:9-49
51-->src\main\AndroidManifest.xml:35:19-46
52
53        <service
53-->src\main\AndroidManifest.xml:37:9-41:56
54            android:name="com.example.AndroidOOP1.TelemetryService"
54-->src\main\AndroidManifest.xml:38:13-45
55            android:enabled="true"
55-->src\main\AndroidManifest.xml:39:13-35
56            android:exported="false"
56-->src\main\AndroidManifest.xml:40:13-37
57            android:foregroundServiceType="location" />
57-->src\main\AndroidManifest.xml:41:13-53
58
59        <provider
59-->[androidx.emoji2:emoji2:1.3.0] AndroidManifest.xml:24:9-32:20
60            android:name="androidx.startup.InitializationProvider"
60-->[androidx.emoji2:emoji2:1.3.0] AndroidManifest.xml:25:13-67
61            android:authorities="com.example.AndroidOOP1.androidx-startup"
61-->[androidx.emoji2:emoji2:1.3.0] AndroidManifest.xml:26:13-68
62            android:exported="false" >
62-->[androidx.emoji2:emoji2:1.3.0] AndroidManifest.xml:27:13-37
63            <meta-data
63-->[androidx.emoji2:emoji2:1.3.0] AndroidManifest.xml:29:13-31:52
64                android:name="androidx.emoji2.text.EmojiCompatInitializer"
64-->[androidx.emoji2:emoji2:1.3.0] AndroidManifest.xml:30:17-75
65                android:value="androidx.startup" />
65-->[androidx.emoji2:emoji2:1.3.0] AndroidManifest.xml:31:17-49
66            <meta-data
66-->[androidx.lifecycle:lifecycle-process:2.6.2] AndroidManifest.xml:29:13-31:52
67                android:name="androidx.lifecycle.ProcessLifecycleInitializer"
67-->[androidx.lifecycle:lifecycle-process:2.6.2] AndroidManifest.xml:30:17-78
68                android:value="androidx.startup" />
68-->[androidx.lifecycle:lifecycle-process:2.6.2] AndroidManifest.xml:31:17-49
69            <meta-data
69-->[androidx.profileinstaller:profileinstaller:1.3.1] AndroidManifest.xml:29:13-31:52
70                android:name="androidx.profileinstaller.ProfileInstallerInitializer"
70-->[androidx.profileinstaller:profileinstaller:1.3.1] AndroidManifest.xml:30:17-85
71                android:value="androidx.startup" />
71-->[androidx.profileinstaller:profileinstaller:1.3.1] AndroidManifest.xml:31:17-49
72        </provider>
73
74        <receiver
74-->[androidx.profileinstaller:profileinstaller:1.3.1] AndroidManifest.xml:34:9-52:20
75            android:name="androidx.profileinstaller.ProfileInstallReceiver"
75-->[androidx.profileinstaller:profileinstaller:1.3.1] AndroidManifest.xml:35:13-76
76            android:directBootAware="false"
76-->[androidx.profileinstaller:profileinstaller:1.3.1] AndroidManifest.xml:36:13-44
77            android:enabled="true"
77-->[androidx.profileinstaller:profileinstaller:1.3.1] AndroidManifest.xml:37:13-35
78            android:exported="true"
78-->[androidx.profileinstaller:profileinstaller:1.3.1] AndroidManifest.xml:38:13-36
79            android:permission="android.permission.DUMP" >
79-->[androidx.profileinstaller:profileinstaller:1.3.1] AndroidManifest.xml:39:13-57
80            <intent-filter>
80-->[androidx.profileinstaller:profileinstaller:1.3.1] AndroidManifest.xml:40:13-42:29
81                <action android:name="androidx.profileinstaller.action.INSTALL_PROFILE" />
81-->[androidx.profileinstaller:profileinstaller:1.3.1] AndroidManifest.xml:41:17-91
81-->[androidx.profileinstaller:profileinstaller:1.3.1] AndroidManifest.xml:41:25-88
82            </intent-filter>
83            <intent-filter>
83-->[androidx.profileinstaller:profileinstaller:1.3.1] AndroidManifest.xml:43:13-45:29
84                <action android:name="androidx.profileinstaller.action.SKIP_FILE" />
84-->[androidx.profileinstaller:profileinstaller:1.3.1] AndroidManifest.xml:44:17-85
84-->[androidx.profileinstaller:profileinstaller:1.3.1] AndroidManifest.xml:44:25-82
85            </intent-filter>
86            <intent-filter>
86-->[androidx.profileinstaller:profileinstaller:1.3.1] AndroidManifest.xml:46:13-48:29
87                <action android:name="androidx.profileinstaller.action.SAVE_PROFILE" />
87-->[androidx.profileinstaller:profileinstaller:1.3.1] AndroidManifest.xml:47:17-88
87-->[androidx.profileinstaller:profileinstaller:1.3.1] AndroidManifest.xml:47:25-85
88            </intent-filter>
89            <intent-filter>
89-->[androidx.profileinstaller:profileinstaller:1.3.1] AndroidManifest.xml:49:13-51:29
90                <action android:name="androidx.profileinstaller.action.BENCHMARK_OPERATION" />
90-->[androidx.profileinstaller:profileinstaller:1.3.1] AndroidManifest.xml:50:17-95
90-->[androidx.profileinstaller:profileinstaller:1.3.1] AndroidManifest.xml:50:25-92
91            </intent-filter>
92        </receiver>
93    </application>
94
95</manifest>